<?xml version="1.0" encoding="UTF-8"?>
<!-- Generated by org.testng.reporters.JUnitReportReporter -->
<testsuite hostname="Stirunagaru" failures="0" tests="2" name="com.sdet.AppTest" time="0.030" errors="0" timestamp="2025-02-03T21:46:44 EST" skipped="0">
  <testcase classname="com.sdet.AppTest" name="testlogin22" time="0.001"/>
  <testcase classname="com.sdet.AppTest" name="testlogin1" time="0.029"/>
</testsuite> <!-- com.sdet.AppTest -->
